<?xml version="1.0" encoding="UTF-8"?>
<testng-results ignored="0" total="3" passed="3" failed="0" skipped="0">
  <reporter-output>
  </reporter-output>
  <suite started-at="2025-04-30T16:15:19 IST" name="Suite" finished-at="2025-04-30T16:16:12 IST" duration-ms="53016">
    <groups>
    </groups>
    <test started-at="2025-04-30T16:15:19 IST" name="ChromeTest" finished-at="2025-04-30T16:15:36 IST" duration-ms="16402">
      <class name="com.nielseniq.playwright_project01.CrossBrowserTest">
        <test-method is-config="true" signature="setup(java.lang.String)[pri:0, instance:com.nielseniq.playwright_project01.CrossBrowserTest@3162743f]" started-at="2025-04-30T16:15:19 IST" name="setup" finished-at="2025-04-30T16:15:32 IST" duration-ms="12578" status="PASS">
          <params>
            <param index="0">
              <value>
                <![CDATA[Chrome]]>
              </value>
            </param>
          </params>
          <reporter-output>
          </reporter-output>
        </test-method> <!-- setup -->
        <test-method signature="run()[pri:0, instance:com.nielseniq.playwright_project01.CrossBrowserTest@3162743f]" started-at="2025-04-30T16:15:32 IST" name="run" finished-at="2025-04-30T16:15:35 IST" duration-ms="3238" status="PASS">
          <reporter-output>
          </reporter-output>
        </test-method> <!-- run -->
        <test-method is-config="true" signature="tearDown()[pri:0, instance:com.nielseniq.playwright_project01.CrossBrowserTest@3162743f]" started-at="2025-04-30T16:15:35 IST" name="tearDown" finished-at="2025-04-30T16:15:36 IST" duration-ms="497" status="PASS">
          <reporter-output>
          </reporter-output>
        </test-method> <!-- tearDown -->
      </class> <!-- com.nielseniq.playwright_project01.CrossBrowserTest -->
    </test> <!-- ChromeTest -->
    <test started-at="2025-04-30T16:15:19 IST" name="SafariTest" finished-at="2025-04-30T16:15:39 IST" duration-ms="19441">
      <class name="com.nielseniq.playwright_project01.CrossBrowserTest">
        <test-method is-config="true" signature="setup(java.lang.String)[pri:0, instance:com.nielseniq.playwright_project01.CrossBrowserTest@4eb30d44]" started-at="2025-04-30T16:15:19 IST" name="setup" finished-at="2025-04-30T16:15:31 IST" duration-ms="11952" status="PASS">
          <params>
            <param index="0">
              <value>
                <![CDATA[safari]]>
              </value>
            </param>
          </params>
          <reporter-output>
          </reporter-output>
        </test-method> <!-- setup -->
        <test-method signature="run()[pri:0, instance:com.nielseniq.playwright_project01.CrossBrowserTest@4eb30d44]" started-at="2025-04-30T16:15:32 IST" name="run" finished-at="2025-04-30T16:15:39 IST" duration-ms="7213" status="PASS">
          <reporter-output>
          </reporter-output>
        </test-method> <!-- run -->
        <test-method is-config="true" signature="tearDown()[pri:0, instance:com.nielseniq.playwright_project01.CrossBrowserTest@4eb30d44]" started-at="2025-04-30T16:15:39 IST" name="tearDown" finished-at="2025-04-30T16:15:39 IST" duration-ms="60" status="PASS">
          <reporter-output>
          </reporter-output>
        </test-method> <!-- tearDown -->
      </class> <!-- com.nielseniq.playwright_project01.CrossBrowserTest -->
    </test> <!-- SafariTest -->
    <test started-at="2025-04-30T16:15:19 IST" name="FirefoxTest" finished-at="2025-04-30T16:16:12 IST" duration-ms="53016">
      <class name="com.nielseniq.playwright_project01.CrossBrowserTest">
        <test-method is-config="true" signature="setup(java.lang.String)[pri:0, instance:com.nielseniq.playwright_project01.CrossBrowserTest@4a05d8ae]" started-at="2025-04-30T16:15:19 IST" name="setup" finished-at="2025-04-30T16:16:07 IST" duration-ms="47157" status="PASS">
          <params>
            <param index="0">
              <value>
                <![CDATA[firefox]]>
              </value>
            </param>
          </params>
          <reporter-output>
          </reporter-output>
        </test-method> <!-- setup -->
        <test-method signature="run()[pri:0, instance:com.nielseniq.playwright_project01.CrossBrowserTest@4a05d8ae]" started-at="2025-04-30T16:16:07 IST" name="run" finished-at="2025-04-30T16:16:12 IST" duration-ms="5034" status="PASS">
          <reporter-output>
          </reporter-output>
        </test-method> <!-- run -->
        <test-method is-config="true" signature="tearDown()[pri:0, instance:com.nielseniq.playwright_project01.CrossBrowserTest@4a05d8ae]" started-at="2025-04-30T16:16:12 IST" name="tearDown" finished-at="2025-04-30T16:16:12 IST" duration-ms="755" status="PASS">
          <reporter-output>
          </reporter-output>
        </test-method> <!-- tearDown -->
      </class> <!-- com.nielseniq.playwright_project01.CrossBrowserTest -->
    </test> <!-- FirefoxTest -->
  </suite> <!-- Suite -->
</testng-results>
