<?xml version="1.0" encoding="UTF-8"?>
<testsuite xmlns:xsi="http://www.w3.org/2001/XMLSchema-instance" xsi:noNamespaceSchemaLocation="https://maven.apache.org/surefire/maven-surefire-plugin/xsd/surefire-test-report-3.0.xsd" version="3.0" name="TestSuite" time="54.266" tests="3" errors="0" skipped="0" failures="0">
  <properties>
[...]
</properties>
  <testcase name="run" classname="com.nielseniq.playwright_project01.CrossBrowserTest" time="3.262">
    <system-out><![CDATA[Google
]]></system-out>
    <system-err><![CDATA[SLF4J(W): No SLF4J providers were found.
SLF4J(W): Defaulting to no-operation (NOP) logger implementation
SLF4J(W): See https://www.slf4j.org/codes.html#noProviders for further details.
]]></system-err>
  </testcase>
  <testcase name="run" classname="com.nielseniq.playwright_project01.CrossBrowserTest" time="6.732">
    <system-out><![CDATA[Google
]]></system-out>
  </testcase>
  <testcase name="run" classname="com.nielseniq.playwright_project01.CrossBrowserTest" time="5.037">
    <system-out><![CDATA[Google
]]></system-out>
  </testcase>
</testsuite>