<?xml version="1.0" encoding="UTF-8"?>
<!-- Generated by org.testng.reporters.JUnitReportReporter -->
<testsuite hostname="INL043275714257" failures="0" tests="3" name="com.nielseniq.playwright_project01.CrossBrowserTest" time="101.582" errors="0" timestamp="2025-04-30T15:36:48 IST" skipped="0">
  <testcase classname="com.nielseniq.playwright_project01.CrossBrowserTest" name="run" time="36.647"/>
  <testcase classname="com.nielseniq.playwright_project01.CrossBrowserTest" name="run" time="35.281"/>
  <testcase classname="com.nielseniq.playwright_project01.CrossBrowserTest" name="run" time="29.654"/>
</testsuite> <!-- com.nielseniq.playwright_project01.CrossBrowserTest -->
