<?xml version="1.0" encoding="UTF-8"?>
<!-- Generated by org.testng.reporters.JUnitReportReporter -->
<testsuite hostname="INL043275714257" failures="0" tests="3" name="com.nielseniq.playwright_project01.CrossBrowserTest" time="88.484" errors="0" timestamp="2025-04-30T16:16:13 IST" skipped="0">
  <testcase classname="com.nielseniq.playwright_project01.CrossBrowserTest" name="run" time="52.946"/>
  <testcase classname="com.nielseniq.playwright_project01.CrossBrowserTest" name="run" time="16.313"/>
  <testcase classname="com.nielseniq.playwright_project01.CrossBrowserTest" name="run" time="19.225"/>
</testsuite> <!-- com.nielseniq.playwright_project01.CrossBrowserTest -->
